<?xml version="1.0" encoding="UTF-8"?>
<coverage generated="1705647759833" clover="3.2.0">
  <project timestamp="1705647759833" name="All files">
    <metrics statements="288" coveredstatements="186" conditionals="62" coveredconditionals="29" methods="36" coveredmethods="23" elements="386" coveredelements="238" complexity="0" loc="288" ncloc="288" packages="9" files="20" classes="20"/>
    <package name="server">
      <metrics statements="13" coveredstatements="13" conditionals="2" coveredconditionals="1" methods="0" coveredmethods="0"/>
      <file name="app.js" path="/Users/armayoga/Documents/Hacktiv8/Challenge/phase-2/week-3/Day-5/IndividualProject/ip-armayogapratama/server/app.js">
        <metrics statements="13" coveredstatements="13" conditionals="2" coveredconditionals="1" methods="0" coveredmethods="0"/>
        <line num="1" count="3" type="cond" truecount="1" falsecount="1"/>
        <line num="2" count="3" type="stmt"/>
        <line num="5" count="3" type="stmt"/>
        <line num="6" count="3" type="stmt"/>
        <line num="7" count="3" type="stmt"/>
        <line num="8" count="3" type="stmt"/>
        <line num="9" count="3" type="stmt"/>
        <line num="11" count="3" type="stmt"/>
        <line num="13" count="3" type="stmt"/>
        <line num="14" count="3" type="stmt"/>
        <line num="16" count="3" type="stmt"/>
        <line num="17" count="3" type="stmt"/>
        <line num="19" count="3" type="stmt"/>
      </file>
    </package>
    <package name="server.controllers.jobControllers">
      <metrics statements="12" coveredstatements="3" conditionals="2" coveredconditionals="0" methods="1" coveredmethods="0"/>
      <file name="jobController.js" path="/Users/armayoga/Documents/Hacktiv8/Challenge/phase-2/week-3/Day-5/IndividualProject/ip-armayogapratama/server/controllers/jobControllers/jobController.js">
        <metrics statements="12" coveredstatements="3" conditionals="2" coveredconditionals="0" methods="1" coveredmethods="0"/>
        <line num="1" count="3" type="stmt"/>
        <line num="2" count="3" type="stmt"/>
        <line num="5" count="0" type="stmt"/>
        <line num="6" count="0" type="stmt"/>
        <line num="8" count="0" type="stmt"/>
        <line num="10" count="0" type="cond" truecount="0" falsecount="2"/>
        <line num="11" count="0" type="stmt"/>
        <line num="18" count="0" type="stmt"/>
        <line num="32" count="0" type="stmt"/>
        <line num="34" count="0" type="stmt"/>
        <line num="36" count="0" type="stmt"/>
        <line num="41" count="3" type="stmt"/>
      </file>
    </package>
    <package name="server.controllers.myJobControllers">
      <metrics statements="19" coveredstatements="2" conditionals="2" coveredconditionals="0" methods="3" coveredmethods="0"/>
      <file name="myJobController.js" path="/Users/armayoga/Documents/Hacktiv8/Challenge/phase-2/week-3/Day-5/IndividualProject/ip-armayogapratama/server/controllers/myJobControllers/myJobController.js">
        <metrics statements="19" coveredstatements="2" conditionals="2" coveredconditionals="0" methods="3" coveredmethods="0"/>
        <line num="1" count="3" type="stmt"/>
        <line num="5" count="0" type="stmt"/>
        <line num="6" count="0" type="stmt"/>
        <line num="8" count="0" type="stmt"/>
        <line num="10" count="0" type="stmt"/>
        <line num="15" count="0" type="stmt"/>
        <line num="23" count="0" type="stmt"/>
        <line num="24" count="0" type="stmt"/>
        <line num="26" count="0" type="stmt"/>
        <line num="37" count="0" type="stmt"/>
        <line num="39" count="0" type="stmt"/>
        <line num="44" count="0" type="stmt"/>
        <line num="45" count="0" type="stmt"/>
        <line num="47" count="0" type="stmt"/>
        <line num="49" count="0" type="cond" truecount="0" falsecount="2"/>
        <line num="51" count="0" type="stmt"/>
        <line num="53" count="0" type="stmt"/>
        <line num="55" count="0" type="stmt"/>
        <line num="60" count="3" type="stmt"/>
      </file>
    </package>
    <package name="server.controllers.profileControllers">
      <metrics statements="38" coveredstatements="4" conditionals="8" coveredconditionals="0" methods="4" coveredmethods="0"/>
      <file name="profileController.js" path="/Users/armayoga/Documents/Hacktiv8/Challenge/phase-2/week-3/Day-5/IndividualProject/ip-armayogapratama/server/controllers/profileControllers/profileController.js">
        <metrics statements="38" coveredstatements="4" conditionals="8" coveredconditionals="0" methods="4" coveredmethods="0"/>
        <line num="1" count="3" type="stmt"/>
        <line num="3" count="3" type="stmt"/>
        <line num="5" count="3" type="stmt"/>
        <line num="13" count="0" type="stmt"/>
        <line num="14" count="0" type="stmt"/>
        <line num="16" count="0" type="stmt"/>
        <line num="18" count="0" type="cond" truecount="0" falsecount="2"/>
        <line num="20" count="0" type="stmt"/>
        <line num="22" count="0" type="stmt"/>
        <line num="27" count="0" type="stmt"/>
        <line num="28" count="0" type="stmt"/>
        <line num="30" count="0" type="stmt"/>
        <line num="32" count="0" type="stmt"/>
        <line num="34" count="0" type="cond" truecount="0" falsecount="2"/>
        <line num="36" count="0" type="stmt"/>
        <line num="48" count="0" type="stmt"/>
        <line num="50" count="0" type="stmt"/>
        <line num="55" count="0" type="stmt"/>
        <line num="56" count="0" type="stmt"/>
        <line num="57" count="0" type="stmt"/>
        <line num="59" count="0" type="stmt"/>
        <line num="61" count="0" type="cond" truecount="0" falsecount="2"/>
        <line num="63" count="0" type="stmt"/>
        <line num="74" count="0" type="stmt"/>
        <line num="76" count="0" type="stmt"/>
        <line num="81" count="0" type="stmt"/>
        <line num="82" count="0" type="stmt"/>
        <line num="84" count="0" type="stmt"/>
        <line num="85" count="0" type="stmt"/>
        <line num="86" count="0" type="stmt"/>
        <line num="88" count="0" type="stmt"/>
        <line num="93" count="0" type="stmt"/>
        <line num="95" count="0" type="cond" truecount="0" falsecount="2"/>
        <line num="97" count="0" type="stmt"/>
        <line num="98" count="0" type="stmt"/>
        <line num="100" count="0" type="stmt"/>
        <line num="102" count="0" type="stmt"/>
        <line num="107" count="3" type="stmt"/>
      </file>
    </package>
    <package name="server.controllers.userControllers">
      <metrics statements="54" coveredstatements="29" conditionals="16" coveredconditionals="10" methods="6" coveredmethods="4"/>
      <file name="userController.js" path="/Users/armayoga/Documents/Hacktiv8/Challenge/phase-2/week-3/Day-5/IndividualProject/ip-armayogapratama/server/controllers/userControllers/userController.js">
        <metrics statements="54" coveredstatements="29" conditionals="16" coveredconditionals="10" methods="6" coveredmethods="4"/>
        <line num="1" count="3" type="stmt"/>
        <line num="2" count="3" type="stmt"/>
        <line num="3" count="3" type="stmt"/>
        <line num="4" count="3" type="stmt"/>
        <line num="5" count="3" type="stmt"/>
        <line num="9" count="1" type="stmt"/>
        <line num="10" count="1" type="stmt"/>
        <line num="12" count="1" type="stmt"/>
        <line num="14" count="0" type="stmt"/>
        <line num="19" count="2" type="stmt"/>
        <line num="20" count="2" type="stmt"/>
        <line num="22" count="2" type="stmt"/>
        <line num="24" count="2" type="cond" truecount="2" falsecount="0"/>
        <line num="26" count="1" type="stmt"/>
        <line num="28" count="1" type="stmt"/>
        <line num="33" count="8" type="stmt"/>
        <line num="34" count="8" type="stmt"/>
        <line num="36" count="8" type="stmt"/>
        <line num="44" count="1" type="stmt"/>
        <line num="57" count="7" type="stmt"/>
        <line num="62" count="5" type="stmt"/>
        <line num="63" count="5" type="stmt"/>
        <line num="65" count="5" type="cond" truecount="4" falsecount="0"/>
        <line num="67" count="3" type="stmt"/>
        <line num="69" count="3" type="cond" truecount="4" falsecount="0"/>
        <line num="70" count="2" type="stmt"/>
        <line num="72" count="1" type="stmt"/>
        <line num="74" count="1" type="stmt"/>
        <line num="76" count="4" type="stmt"/>
        <line num="81" count="0" type="stmt"/>
        <line num="82" count="0" type="stmt"/>
        <line num="84" count="0" type="stmt"/>
        <line num="88" count="0" type="stmt"/>
        <line num="90" count="0" type="stmt"/>
        <line num="91" count="0" type="cond" truecount="0" falsecount="2"/>
        <line num="92" count="0" type="stmt"/>
        <line num="94" count="0" type="stmt"/>
        <line num="96" count="0" type="stmt"/>
        <line num="108" count="0" type="stmt"/>
        <line num="109" count="0" type="stmt"/>
        <line num="111" count="0" type="stmt"/>
        <line num="114" count="0" type="stmt"/>
        <line num="119" count="0" type="stmt"/>
        <line num="120" count="0" type="stmt"/>
        <line num="121" count="0" type="stmt"/>
        <line num="123" count="0" type="stmt"/>
        <line num="125" count="0" type="cond" truecount="0" falsecount="2"/>
        <line num="127" count="0" type="stmt"/>
        <line num="129" count="0" type="stmt"/>
        <line num="131" count="0" type="cond" truecount="0" falsecount="2"/>
        <line num="133" count="0" type="stmt"/>
        <line num="135" count="0" type="stmt"/>
        <line num="137" count="0" type="stmt"/>
        <line num="142" count="3" type="stmt"/>
      </file>
    </package>
    <package name="server.helpers">
      <metrics statements="13" coveredstatements="13" conditionals="0" coveredconditionals="0" methods="4" coveredmethods="4"/>
      <file name="hashPassword.js" path="/Users/armayoga/Documents/Hacktiv8/Challenge/phase-2/week-3/Day-5/IndividualProject/ip-armayogapratama/server/helpers/hashPassword.js">
        <metrics statements="6" coveredstatements="6" conditionals="0" coveredconditionals="0" methods="2" coveredmethods="2"/>
        <line num="1" count="3" type="stmt"/>
        <line num="4" count="15" type="stmt"/>
        <line num="5" count="15" type="stmt"/>
        <line num="6" count="15" type="stmt"/>
        <line num="10" count="2" type="stmt"/>
        <line num="13" count="3" type="stmt"/>
      </file>
      <file name="jwt.js" path="/Users/armayoga/Documents/Hacktiv8/Challenge/phase-2/week-3/Day-5/IndividualProject/ip-armayogapratama/server/helpers/jwt.js">
        <metrics statements="7" coveredstatements="7" conditionals="0" coveredconditionals="0" methods="2" coveredmethods="2"/>
        <line num="1" count="3" type="stmt"/>
        <line num="2" count="3" type="stmt"/>
        <line num="5" count="7" type="stmt"/>
        <line num="6" count="7" type="stmt"/>
        <line num="10" count="3" type="stmt"/>
        <line num="11" count="3" type="stmt"/>
        <line num="14" count="3" type="stmt"/>
      </file>
    </package>
    <package name="server.middlewares">
      <metrics statements="53" coveredstatements="38" conditionals="22" coveredconditionals="11" methods="5" coveredmethods="3"/>
      <file name="authentication.js" path="/Users/armayoga/Documents/Hacktiv8/Challenge/phase-2/week-3/Day-5/IndividualProject/ip-armayogapratama/server/middlewares/authentication.js">
        <metrics statements="14" coveredstatements="14" conditionals="6" coveredconditionals="5" methods="1" coveredmethods="1"/>
        <line num="1" count="3" type="stmt"/>
        <line num="2" count="3" type="stmt"/>
        <line num="5" count="7" type="stmt"/>
        <line num="6" count="7" type="stmt"/>
        <line num="8" count="7" type="cond" truecount="2" falsecount="0"/>
        <line num="10" count="5" type="stmt"/>
        <line num="12" count="5" type="cond" truecount="2" falsecount="0"/>
        <line num="14" count="3" type="stmt"/>
        <line num="16" count="3" type="stmt"/>
        <line num="18" count="3" type="cond" truecount="1" falsecount="1"/>
        <line num="20" count="3" type="stmt"/>
        <line num="28" count="3" type="stmt"/>
        <line num="30" count="4" type="stmt"/>
        <line num="34" count="3" type="stmt"/>
      </file>
      <file name="authorization.js" path="/Users/armayoga/Documents/Hacktiv8/Challenge/phase-2/week-3/Day-5/IndividualProject/ip-armayogapratama/server/middlewares/authorization.js">
        <metrics statements="14" coveredstatements="2" conditionals="8" coveredconditionals="0" methods="2" coveredmethods="0"/>
        <line num="1" count="3" type="stmt"/>
        <line num="4" count="0" type="stmt"/>
        <line num="5" count="0" type="stmt"/>
        <line num="7" count="0" type="stmt"/>
        <line num="9" count="0" type="cond" truecount="0" falsecount="2"/>
        <line num="11" count="0" type="cond" truecount="0" falsecount="2"/>
        <line num="12" count="0" type="cond" truecount="0" falsecount="2"/>
        <line num="15" count="0" type="stmt"/>
        <line num="17" count="0" type="stmt"/>
        <line num="22" count="0" type="stmt"/>
        <line num="23" count="0" type="cond" truecount="0" falsecount="2"/>
        <line num="25" count="0" type="stmt"/>
        <line num="27" count="0" type="stmt"/>
        <line num="31" count="3" type="stmt"/>
      </file>
      <file name="errorHandler.js" path="/Users/armayoga/Documents/Hacktiv8/Challenge/phase-2/week-3/Day-5/IndividualProject/ip-armayogapratama/server/middlewares/errorHandler.js">
        <metrics statements="25" coveredstatements="22" conditionals="8" coveredconditionals="6" methods="2" coveredmethods="2"/>
        <line num="2" count="16" type="stmt"/>
        <line num="3" count="16" type="stmt"/>
        <line num="4" count="16" type="stmt"/>
        <line num="5" count="16" type="stmt"/>
        <line num="7" count="16" type="cond" truecount="6" falsecount="2"/>
        <line num="10" count="7" type="stmt"/>
        <line num="11" count="9" type="stmt"/>
        <line num="12" count="7" type="stmt"/>
        <line num="14" count="2" type="stmt"/>
        <line num="15" count="2" type="stmt"/>
        <line num="16" count="2" type="stmt"/>
        <line num="19" count="2" type="stmt"/>
        <line num="20" count="2" type="stmt"/>
        <line num="21" count="2" type="stmt"/>
        <line num="23" count="4" type="stmt"/>
        <line num="24" count="4" type="stmt"/>
        <line num="25" count="4" type="stmt"/>
        <line num="27" count="0" type="stmt"/>
        <line num="28" count="0" type="stmt"/>
        <line num="29" count="0" type="stmt"/>
        <line num="31" count="1" type="stmt"/>
        <line num="32" count="1" type="stmt"/>
        <line num="33" count="1" type="stmt"/>
        <line num="36" count="16" type="stmt"/>
        <line num="39" count="3" type="stmt"/>
      </file>
    </package>
    <package name="server.models">
      <metrics statements="44" coveredstatements="43" conditionals="10" coveredconditionals="7" methods="12" coveredmethods="12"/>
      <file name="index.js" path="/Users/armayoga/Documents/Hacktiv8/Challenge/phase-2/week-3/Day-5/IndividualProject/ip-armayogapratama/server/models/index.js">
        <metrics statements="21" coveredstatements="20" conditionals="10" coveredconditionals="7" methods="3" coveredmethods="3"/>
        <line num="3" count="3" type="stmt"/>
        <line num="4" count="3" type="stmt"/>
        <line num="5" count="3" type="stmt"/>
        <line num="6" count="3" type="stmt"/>
        <line num="7" count="3" type="stmt"/>
        <line num="8" count="3" type="cond" truecount="1" falsecount="1"/>
        <line num="9" count="3" type="stmt"/>
        <line num="10" count="3" type="stmt"/>
        <line num="13" count="3" type="cond" truecount="1" falsecount="1"/>
        <line num="14" count="0" type="stmt"/>
        <line num="16" count="3" type="stmt"/>
        <line num="19" count="3" type="stmt"/>
        <line num="22" count="15" type="stmt"/>
        <line num="30" count="12" type="stmt"/>
        <line num="31" count="12" type="stmt"/>
        <line num="34" count="3" type="stmt"/>
        <line num="35" count="12" type="cond" truecount="1" falsecount="1"/>
        <line num="36" count="12" type="stmt"/>
        <line num="40" count="3" type="stmt"/>
        <line num="41" count="3" type="stmt"/>
        <line num="43" count="3" type="stmt"/>
      </file>
      <file name="job.js" path="/Users/armayoga/Documents/Hacktiv8/Challenge/phase-2/week-3/Day-5/IndividualProject/ip-armayogapratama/server/models/job.js">
        <metrics statements="4" coveredstatements="4" conditionals="0" coveredconditionals="0" methods="2" coveredmethods="2"/>
        <line num="2" count="3" type="stmt"/>
        <line num="3" count="3" type="stmt"/>
        <line num="9" count="3" type="stmt"/>
        <line num="101" count="3" type="stmt"/>
      </file>
      <file name="myjob.js" path="/Users/armayoga/Documents/Hacktiv8/Challenge/phase-2/week-3/Day-5/IndividualProject/ip-armayogapratama/server/models/myjob.js">
        <metrics statements="5" coveredstatements="5" conditionals="0" coveredconditionals="0" methods="2" coveredmethods="2"/>
        <line num="2" count="3" type="stmt"/>
        <line num="3" count="3" type="stmt"/>
        <line num="6" count="3" type="stmt"/>
        <line num="9" count="3" type="stmt"/>
        <line num="101" count="3" type="stmt"/>
      </file>
      <file name="profile.js" path="/Users/armayoga/Documents/Hacktiv8/Challenge/phase-2/week-3/Day-5/IndividualProject/ip-armayogapratama/server/models/profile.js">
        <metrics statements="5" coveredstatements="5" conditionals="0" coveredconditionals="0" methods="2" coveredmethods="2"/>
        <line num="2" count="3" type="stmt"/>
        <line num="3" count="3" type="stmt"/>
        <line num="6" count="3" type="stmt"/>
        <line num="9" count="3" type="stmt"/>
        <line num="144" count="3" type="stmt"/>
      </file>
      <file name="user.js" path="/Users/armayoga/Documents/Hacktiv8/Challenge/phase-2/week-3/Day-5/IndividualProject/ip-armayogapratama/server/models/user.js">
        <metrics statements="9" coveredstatements="9" conditionals="0" coveredconditionals="0" methods="3" coveredmethods="3"/>
        <line num="2" count="3" type="stmt"/>
        <line num="3" count="3" type="stmt"/>
        <line num="4" count="3" type="stmt"/>
        <line num="7" count="3" type="stmt"/>
        <line num="8" count="3" type="stmt"/>
        <line num="11" count="3" type="stmt"/>
        <line num="97" count="3" type="stmt"/>
        <line num="98" count="8" type="stmt"/>
        <line num="101" count="3" type="stmt"/>
      </file>
    </package>
    <package name="server.routes">
      <metrics statements="42" coveredstatements="41" conditionals="0" coveredconditionals="0" methods="1" coveredmethods="0"/>
      <file name="job.js" path="/Users/armayoga/Documents/Hacktiv8/Challenge/phase-2/week-3/Day-5/IndividualProject/ip-armayogapratama/server/routes/job.js">
        <metrics statements="4" coveredstatements="4" conditionals="0" coveredconditionals="0" methods="0" coveredmethods="0"/>
        <line num="1" count="3" type="stmt"/>
        <line num="3" count="3" type="stmt"/>
        <line num="5" count="3" type="stmt"/>
        <line num="7" count="3" type="stmt"/>
      </file>
      <file name="main.js" path="/Users/armayoga/Documents/Hacktiv8/Challenge/phase-2/week-3/Day-5/IndividualProject/ip-armayogapratama/server/routes/main.js">
        <metrics statements="8" coveredstatements="7" conditionals="0" coveredconditionals="0" methods="1" coveredmethods="0"/>
        <line num="1" count="3" type="stmt"/>
        <line num="3" count="3" type="stmt"/>
        <line num="4" count="0" type="stmt"/>
        <line num="6" count="3" type="stmt"/>
        <line num="7" count="3" type="stmt"/>
        <line num="8" count="3" type="stmt"/>
        <line num="9" count="3" type="stmt"/>
        <line num="11" count="3" type="stmt"/>
      </file>
      <file name="myJob.js" path="/Users/armayoga/Documents/Hacktiv8/Challenge/phase-2/week-3/Day-5/IndividualProject/ip-armayogapratama/server/routes/myJob.js">
        <metrics statements="8" coveredstatements="8" conditionals="0" coveredconditionals="0" methods="0" coveredmethods="0"/>
        <line num="5" count="3" type="stmt"/>
        <line num="6" count="3" type="stmt"/>
        <line num="10" count="3" type="stmt"/>
        <line num="12" count="3" type="stmt"/>
        <line num="14" count="3" type="stmt"/>
        <line num="15" count="3" type="stmt"/>
        <line num="16" count="3" type="stmt"/>
        <line num="18" count="3" type="stmt"/>
      </file>
      <file name="profile.js" path="/Users/armayoga/Documents/Hacktiv8/Challenge/phase-2/week-3/Day-5/IndividualProject/ip-armayogapratama/server/routes/profile.js">
        <metrics statements="11" coveredstatements="11" conditionals="0" coveredconditionals="0" methods="0" coveredmethods="0"/>
        <line num="6" count="3" type="stmt"/>
        <line num="7" count="3" type="stmt"/>
        <line num="8" count="3" type="stmt"/>
        <line num="10" count="3" type="stmt"/>
        <line num="12" count="3" type="stmt"/>
        <line num="13" count="3" type="stmt"/>
        <line num="14" count="3" type="stmt"/>
        <line num="16" count="3" type="stmt"/>
        <line num="17" count="3" type="stmt"/>
        <line num="19" count="3" type="stmt"/>
        <line num="26" count="3" type="stmt"/>
      </file>
      <file name="user.js" path="/Users/armayoga/Documents/Hacktiv8/Challenge/phase-2/week-3/Day-5/IndividualProject/ip-armayogapratama/server/routes/user.js">
        <metrics statements="11" coveredstatements="11" conditionals="0" coveredconditionals="0" methods="0" coveredmethods="0"/>
        <line num="8" count="3" type="stmt"/>
        <line num="9" count="3" type="stmt"/>
        <line num="10" count="3" type="stmt"/>
        <line num="12" count="3" type="stmt"/>
        <line num="14" count="3" type="stmt"/>
        <line num="15" count="3" type="stmt"/>
        <line num="16" count="3" type="stmt"/>
        <line num="17" count="3" type="stmt"/>
        <line num="18" count="3" type="stmt"/>
        <line num="19" count="3" type="stmt"/>
        <line num="21" count="3" type="stmt"/>
      </file>
    </package>
  </project>
</coverage>
