{"/Users/armayoga/Documents/Hacktiv8/Challenge/phase-2/week-3/Day-5/IndividualProject/ip-armayogapratama/server/app.js": {"path":"/Users/armayoga/Documents/Hacktiv8/Challenge/phase-2/week-3/Day-5/IndividualProject/ip-armayogapratama/server/app.js","statementMap":{"0":{"start":{"line":1,"column":0},"end":{"line":3,"column":1}},"1":{"start":{"line":2,"column":2},"end":{"line":2,"column":29}},"2":{"start":{"line":5,"column":16},"end":{"line":5,"column":34}},"3":{"start":{"line":6,"column":12},"end":{"line":6,"column":21}},"4":{"start":{"line":7,"column":13},"end":{"line":7,"column":28}},"5":{"start":{"line":8,"column":21},"end":{"line":8,"column":58}},"6":{"start":{"line":9,"column":15},"end":{"line":9,"column":39}},"7":{"start":{"line":11,"column":0},"end":{"line":11,"column":16}},"8":{"start":{"line":13,"column":0},"end":{"line":13,"column":48}},"9":{"start":{"line":14,"column":0},"end":{"line":14,"column":24}},"10":{"start":{"line":16,"column":0},"end":{"line":16,"column":16}},"11":{"start":{"line":17,"column":0},"end":{"line":17,"column":22}},"12":{"start":{"line":19,"column":0},"end":{"line":19,"column":21}}},"fnMap":{},"branchMap":{"0":{"loc":{"start":{"line":1,"column":0},"end":{"line":3,"column":1}},"type":"if","locations":[{"start":{"line":1,"column":0},"end":{"line":3,"column":1}},{"start":{},"end":{}}],"line":1}},"s":{"0":3,"1":3,"2":3,"3":3,"4":3,"5":3,"6":3,"7":3,"8":3,"9":3,"10":3,"11":3,"12":3},"f":{},"b":{"0":[3,0]},"_coverageSchema":"1a1c01bbd47fc00a2c39e90264f33305004495a9","hash":"fb9d14e1fbde6bf7df1d148cee2abbd40a48b1c2"}
,"/Users/armayoga/Documents/Hacktiv8/Challenge/phase-2/week-3/Day-5/IndividualProject/ip-armayogapratama/server/controllers/jobControllers/jobController.js": {"path":"/Users/armayoga/Documents/Hacktiv8/Challenge/phase-2/week-3/Day-5/IndividualProject/ip-armayogapratama/server/controllers/jobControllers/jobController.js","statementMap":{"0":{"start":{"line":1,"column":15},"end":{"line":1,"column":35}},"1":{"start":{"line":2,"column":14},"end":{"line":2,"column":30}},"2":{"start":{"line":5,"column":4},"end":{"line":37,"column":5}},"3":{"start":{"line":6,"column":25},"end":{"line":6,"column":34}},"4":{"start":{"line":8,"column":22},"end":{"line":8,"column":24}},"5":{"start":{"line":10,"column":6},"end":{"line":16,"column":7}},"6":{"start":{"line":11,"column":8},"end":{"line":15,"column":10}},"7":{"start":{"line":18,"column":23},"end":{"line":31,"column":8}},"8":{"start":{"line":32,"column":22},"end":{"line":32,"column":31}},"9":{"start":{"line":34,"column":6},"end":{"line":34,"column":40}},"10":{"start":{"line":36,"column":6},"end":{"line":36,"column":18}},"11":{"start":{"line":41,"column":0},"end":{"line":41,"column":31}}},"fnMap":{"0":{"name":"(anonymous_0)","decl":{"start":{"line":4,"column":2},"end":{"line":4,"column":3}},"loc":{"start":{"line":4,"column":39},"end":{"line":38,"column":3}},"line":4}},"branchMap":{"0":{"loc":{"start":{"line":10,"column":6},"end":{"line":16,"column":7}},"type":"if","locations":[{"start":{"line":10,"column":6},"end":{"line":16,"column":7}},{"start":{},"end":{}}],"line":10}},"s":{"0":3,"1":3,"2":0,"3":0,"4":0,"5":0,"6":0,"7":0,"8":0,"9":0,"10":0,"11":3},"f":{"0":0},"b":{"0":[0,0]},"_coverageSchema":"1a1c01bbd47fc00a2c39e90264f33305004495a9","hash":"57a5c89d53d378408afc035f12d6b46af49b6596"}
,"/Users/armayoga/Documents/Hacktiv8/Challenge/phase-2/week-3/Day-5/IndividualProject/ip-armayogapratama/server/controllers/myJobControllers/myJobController.js": {"path":"/Users/armayoga/Documents/Hacktiv8/Challenge/phase-2/week-3/Day-5/IndividualProject/ip-armayogapratama/server/controllers/myJobControllers/myJobController.js","statementMap":{"0":{"start":{"line":1,"column":29},"end":{"line":1,"column":58}},"1":{"start":{"line":5,"column":4},"end":{"line":11,"column":5}},"2":{"start":{"line":6,"column":21},"end":{"line":6,"column":42}},"3":{"start":{"line":8,"column":6},"end":{"line":8,"column":73}},"4":{"start":{"line":10,"column":6},"end":{"line":10,"column":18}},"5":{"start":{"line":15,"column":4},"end":{"line":40,"column":5}},"6":{"start":{"line":23,"column":10},"end":{"line":23,"column":18}},"7":{"start":{"line":24,"column":6},"end":{"line":24,"column":28}},"8":{"start":{"line":26,"column":20},"end":{"line":35,"column":8}},"9":{"start":{"line":37,"column":6},"end":{"line":37,"column":76}},"10":{"start":{"line":39,"column":6},"end":{"line":39,"column":18}},"11":{"start":{"line":44,"column":4},"end":{"line":56,"column":5}},"12":{"start":{"line":45,"column":21},"end":{"line":45,"column":31}},"13":{"start":{"line":47,"column":20},"end":{"line":47,"column":44}},"14":{"start":{"line":49,"column":6},"end":{"line":49,"column":46}},"15":{"start":{"line":49,"column":18},"end":{"line":49,"column":46}},"16":{"start":{"line":51,"column":6},"end":{"line":51,"column":28}},"17":{"start":{"line":53,"column":6},"end":{"line":53,"column":65}},"18":{"start":{"line":55,"column":6},"end":{"line":55,"column":18}},"19":{"start":{"line":60,"column":0},"end":{"line":60,"column":33}}},"fnMap":{"0":{"name":"(anonymous_0)","decl":{"start":{"line":4,"column":2},"end":{"line":4,"column":3}},"loc":{"start":{"line":4,"column":41},"end":{"line":12,"column":3}},"line":4},"1":{"name":"(anonymous_1)","decl":{"start":{"line":14,"column":2},"end":{"line":14,"column":3}},"loc":{"start":{"line":14,"column":43},"end":{"line":41,"column":3}},"line":14},"2":{"name":"(anonymous_2)","decl":{"start":{"line":43,"column":2},"end":{"line":43,"column":3}},"loc":{"start":{"line":43,"column":43},"end":{"line":57,"column":3}},"line":43}},"branchMap":{"0":{"loc":{"start":{"line":49,"column":6},"end":{"line":49,"column":46}},"type":"if","locations":[{"start":{"line":49,"column":6},"end":{"line":49,"column":46}},{"start":{},"end":{}}],"line":49}},"s":{"0":3,"1":0,"2":0,"3":0,"4":0,"5":0,"6":0,"7":0,"8":0,"9":0,"10":0,"11":0,"12":0,"13":0,"14":0,"15":0,"16":0,"17":0,"18":0,"19":3},"f":{"0":0,"1":0,"2":0},"b":{"0":[0,0]},"_coverageSchema":"1a1c01bbd47fc00a2c39e90264f33305004495a9","hash":"5d49770cb0316ea08adb84d3529e02f9581a8a05"}
,"/Users/armayoga/Documents/Hacktiv8/Challenge/phase-2/week-3/Day-5/IndividualProject/ip-armayogapratama/server/controllers/profileControllers/profileController.js": {"path":"/Users/armayoga/Documents/Hacktiv8/Challenge/phase-2/week-3/Day-5/IndividualProject/ip-armayogapratama/server/controllers/profileControllers/profileController.js","statementMap":{"0":{"start":{"line":1,"column":26},"end":{"line":1,"column":55}},"1":{"start":{"line":3,"column":19},"end":{"line":3,"column":43}},"2":{"start":{"line":5,"column":0},"end":{"line":9,"column":3}},"3":{"start":{"line":13,"column":4},"end":{"line":23,"column":5}},"4":{"start":{"line":14,"column":21},"end":{"line":14,"column":31}},"5":{"start":{"line":16,"column":22},"end":{"line":16,"column":48}},"6":{"start":{"line":18,"column":6},"end":{"line":18,"column":48}},"7":{"start":{"line":18,"column":20},"end":{"line":18,"column":48}},"8":{"start":{"line":20,"column":6},"end":{"line":20,"column":78}},"9":{"start":{"line":22,"column":6},"end":{"line":22,"column":18}},"10":{"start":{"line":27,"column":4},"end":{"line":51,"column":5}},"11":{"start":{"line":28,"column":21},"end":{"line":28,"column":31}},"12":{"start":{"line":30,"column":36},"end":{"line":30,"column":44}},"13":{"start":{"line":32,"column":19},"end":{"line":32,"column":42}},"14":{"start":{"line":34,"column":6},"end":{"line":34,"column":45}},"15":{"start":{"line":34,"column":17},"end":{"line":34,"column":45}},"16":{"start":{"line":36,"column":22},"end":{"line":46,"column":8}},"17":{"start":{"line":48,"column":6},"end":{"line":48,"column":76}},"18":{"start":{"line":50,"column":6},"end":{"line":50,"column":18}},"19":{"start":{"line":55,"column":4},"end":{"line":77,"column":5}},"20":{"start":{"line":56,"column":21},"end":{"line":56,"column":31}},"21":{"start":{"line":57,"column":54},"end":{"line":57,"column":62}},"22":{"start":{"line":59,"column":22},"end":{"line":59,"column":48}},"23":{"start":{"line":61,"column":6},"end":{"line":61,"column":48}},"24":{"start":{"line":61,"column":20},"end":{"line":61,"column":48}},"25":{"start":{"line":63,"column":6},"end":{"line":72,"column":9}},"26":{"start":{"line":74,"column":6},"end":{"line":74,"column":66}},"27":{"start":{"line":76,"column":6},"end":{"line":76,"column":18}},"28":{"start":{"line":81,"column":4},"end":{"line":103,"column":5}},"29":{"start":{"line":82,"column":21},"end":{"line":82,"column":31}},"30":{"start":{"line":84,"column":49},"end":{"line":84,"column":57}},"31":{"start":{"line":85,"column":21},"end":{"line":85,"column":59}},"32":{"start":{"line":86,"column":22},"end":{"line":86,"column":57}},"33":{"start":{"line":88,"column":21},"end":{"line":91,"column":8}},"34":{"start":{"line":93,"column":22},"end":{"line":93,"column":48}},"35":{"start":{"line":95,"column":6},"end":{"line":95,"column":48}},"36":{"start":{"line":95,"column":20},"end":{"line":95,"column":48}},"37":{"start":{"line":97,"column":20},"end":{"line":97,"column":37}},"38":{"start":{"line":98,"column":6},"end":{"line":98,"column":38}},"39":{"start":{"line":100,"column":6},"end":{"line":100,"column":72}},"40":{"start":{"line":102,"column":6},"end":{"line":102,"column":18}},"41":{"start":{"line":107,"column":0},"end":{"line":107,"column":35}}},"fnMap":{"0":{"name":"(anonymous_0)","decl":{"start":{"line":12,"column":2},"end":{"line":12,"column":3}},"loc":{"start":{"line":12,"column":45},"end":{"line":24,"column":3}},"line":12},"1":{"name":"(anonymous_1)","decl":{"start":{"line":26,"column":2},"end":{"line":26,"column":3}},"loc":{"start":{"line":26,"column":45},"end":{"line":52,"column":3}},"line":26},"2":{"name":"(anonymous_2)","decl":{"start":{"line":54,"column":2},"end":{"line":54,"column":3}},"loc":{"start":{"line":54,"column":45},"end":{"line":78,"column":3}},"line":54},"3":{"name":"(anonymous_3)","decl":{"start":{"line":80,"column":2},"end":{"line":80,"column":3}},"loc":{"start":{"line":80,"column":50},"end":{"line":104,"column":3}},"line":80}},"branchMap":{"0":{"loc":{"start":{"line":18,"column":6},"end":{"line":18,"column":48}},"type":"if","locations":[{"start":{"line":18,"column":6},"end":{"line":18,"column":48}},{"start":{},"end":{}}],"line":18},"1":{"loc":{"start":{"line":34,"column":6},"end":{"line":34,"column":45}},"type":"if","locations":[{"start":{"line":34,"column":6},"end":{"line":34,"column":45}},{"start":{},"end":{}}],"line":34},"2":{"loc":{"start":{"line":61,"column":6},"end":{"line":61,"column":48}},"type":"if","locations":[{"start":{"line":61,"column":6},"end":{"line":61,"column":48}},{"start":{},"end":{}}],"line":61},"3":{"loc":{"start":{"line":95,"column":6},"end":{"line":95,"column":48}},"type":"if","locations":[{"start":{"line":95,"column":6},"end":{"line":95,"column":48}},{"start":{},"end":{}}],"line":95}},"s":{"0":3,"1":3,"2":3,"3":0,"4":0,"5":0,"6":0,"7":0,"8":0,"9":0,"10":0,"11":0,"12":0,"13":0,"14":0,"15":0,"16":0,"17":0,"18":0,"19":0,"20":0,"21":0,"22":0,"23":0,"24":0,"25":0,"26":0,"27":0,"28":0,"29":0,"30":0,"31":0,"32":0,"33":0,"34":0,"35":0,"36":0,"37":0,"38":0,"39":0,"40":0,"41":3},"f":{"0":0,"1":0,"2":0,"3":0},"b":{"0":[0,0],"1":[0,0],"2":[0,0],"3":[0,0]},"_coverageSchema":"1a1c01bbd47fc00a2c39e90264f33305004495a9","hash":"531648f186d26468ccf9b32915a7d5254354ff69"}
,"/Users/armayoga/Documents/Hacktiv8/Challenge/phase-2/week-3/Day-5/IndividualProject/ip-armayogapratama/server/controllers/userControllers/userController.js": {"path":"/Users/armayoga/Documents/Hacktiv8/Challenge/phase-2/week-3/Day-5/IndividualProject/ip-armayogapratama/server/controllers/userControllers/userController.js","statementMap":{"0":{"start":{"line":1,"column":27},"end":{"line":1,"column":64}},"1":{"start":{"line":2,"column":22},"end":{"line":2,"column":50}},"2":{"start":{"line":3,"column":26},"end":{"line":3,"column":55}},"3":{"start":{"line":4,"column":25},"end":{"line":4,"column":55}},"4":{"start":{"line":5,"column":15},"end":{"line":5,"column":33}},"5":{"start":{"line":9,"column":4},"end":{"line":15,"column":5}},"6":{"start":{"line":10,"column":20},"end":{"line":10,"column":40}},"7":{"start":{"line":12,"column":6},"end":{"line":12,"column":38}},"8":{"start":{"line":14,"column":6},"end":{"line":14,"column":13}},"9":{"start":{"line":19,"column":4},"end":{"line":29,"column":5}},"10":{"start":{"line":20,"column":21},"end":{"line":20,"column":31}},"11":{"start":{"line":22,"column":19},"end":{"line":22,"column":42}},"12":{"start":{"line":24,"column":6},"end":{"line":24,"column":45}},"13":{"start":{"line":24,"column":17},"end":{"line":24,"column":45}},"14":{"start":{"line":26,"column":6},"end":{"line":26,"column":37}},"15":{"start":{"line":28,"column":6},"end":{"line":28,"column":18}},"16":{"start":{"line":33,"column":4},"end":{"line":58,"column":5}},"17":{"start":{"line":34,"column":52},"end":{"line":34,"column":60}},"18":{"start":{"line":36,"column":19},"end":{"line":42,"column":8}},"19":{"start":{"line":44,"column":6},"end":{"line":55,"column":9}},"20":{"start":{"line":57,"column":6},"end":{"line":57,"column":18}},"21":{"start":{"line":62,"column":4},"end":{"line":77,"column":5}},"22":{"start":{"line":63,"column":34},"end":{"line":63,"column":42}},"23":{"start":{"line":65,"column":6},"end":{"line":65,"column":68}},"24":{"start":{"line":65,"column":31},"end":{"line":65,"column":68}},"25":{"start":{"line":67,"column":19},"end":{"line":67,"column":59}},"26":{"start":{"line":69,"column":6},"end":{"line":70,"column":38}},"27":{"start":{"line":70,"column":8},"end":{"line":70,"column":38}},"28":{"start":{"line":72,"column":27},"end":{"line":72,"column":53}},"29":{"start":{"line":74,"column":6},"end":{"line":74,"column":45}},"30":{"start":{"line":76,"column":6},"end":{"line":76,"column":18}},"31":{"start":{"line":81,"column":4},"end":{"line":115,"column":5}},"32":{"start":{"line":82,"column":29},"end":{"line":82,"column":40}},"33":{"start":{"line":84,"column":21},"end":{"line":87,"column":8}},"34":{"start":{"line":88,"column":30},"end":{"line":88,"column":49}},"35":{"start":{"line":90,"column":19},"end":{"line":90,"column":66}},"36":{"start":{"line":91,"column":6},"end":{"line":112,"column":7}},"37":{"start":{"line":92,"column":29},"end":{"line":92,"column":55}},"38":{"start":{"line":94,"column":8},"end":{"line":94,"column":47}},"39":{"start":{"line":96,"column":24},"end":{"line":107,"column":9}},"40":{"start":{"line":108,"column":8},"end":{"line":108,"column":29}},"41":{"start":{"line":109,"column":29},"end":{"line":109,"column":58}},"42":{"start":{"line":111,"column":8},"end":{"line":111,"column":47}},"43":{"start":{"line":114,"column":6},"end":{"line":114,"column":18}},"44":{"start":{"line":119,"column":4},"end":{"line":138,"column":5}},"45":{"start":{"line":120,"column":25},"end":{"line":120,"column":35}},"46":{"start":{"line":121,"column":28},"end":{"line":121,"column":38}},"47":{"start":{"line":123,"column":19},"end":{"line":123,"column":46}},"48":{"start":{"line":125,"column":6},"end":{"line":125,"column":47}},"49":{"start":{"line":125,"column":17},"end":{"line":125,"column":47}},"50":{"start":{"line":127,"column":6},"end":{"line":127,"column":47}},"51":{"start":{"line":129,"column":22},"end":{"line":129,"column":55}},"52":{"start":{"line":131,"column":6},"end":{"line":131,"column":48}},"53":{"start":{"line":131,"column":20},"end":{"line":131,"column":48}},"54":{"start":{"line":133,"column":6},"end":{"line":133,"column":50}},"55":{"start":{"line":135,"column":6},"end":{"line":135,"column":77}},"56":{"start":{"line":137,"column":6},"end":{"line":137,"column":13}},"57":{"start":{"line":142,"column":0},"end":{"line":142,"column":32}}},"fnMap":{"0":{"name":"(anonymous_0)","decl":{"start":{"line":8,"column":2},"end":{"line":8,"column":3}},"loc":{"start":{"line":8,"column":39},"end":{"line":16,"column":3}},"line":8},"1":{"name":"(anonymous_1)","decl":{"start":{"line":18,"column":2},"end":{"line":18,"column":3}},"loc":{"start":{"line":18,"column":42},"end":{"line":30,"column":3}},"line":18},"2":{"name":"(anonymous_2)","decl":{"start":{"line":32,"column":2},"end":{"line":32,"column":3}},"loc":{"start":{"line":32,"column":40},"end":{"line":59,"column":3}},"line":32},"3":{"name":"(anonymous_3)","decl":{"start":{"line":61,"column":2},"end":{"line":61,"column":3}},"loc":{"start":{"line":61,"column":37},"end":{"line":78,"column":3}},"line":61},"4":{"name":"(anonymous_4)","decl":{"start":{"line":80,"column":2},"end":{"line":80,"column":3}},"loc":{"start":{"line":80,"column":43},"end":{"line":116,"column":3}},"line":80},"5":{"name":"(anonymous_5)","decl":{"start":{"line":118,"column":2},"end":{"line":118,"column":3}},"loc":{"start":{"line":118,"column":45},"end":{"line":139,"column":3}},"line":118}},"branchMap":{"0":{"loc":{"start":{"line":24,"column":6},"end":{"line":24,"column":45}},"type":"if","locations":[{"start":{"line":24,"column":6},"end":{"line":24,"column":45}},{"start":{},"end":{}}],"line":24},"1":{"loc":{"start":{"line":65,"column":6},"end":{"line":65,"column":68}},"type":"if","locations":[{"start":{"line":65,"column":6},"end":{"line":65,"column":68}},{"start":{},"end":{}}],"line":65},"2":{"loc":{"start":{"line":65,"column":10},"end":{"line":65,"column":29}},"type":"binary-expr","locations":[{"start":{"line":65,"column":10},"end":{"line":65,"column":16}},{"start":{"line":65,"column":20},"end":{"line":65,"column":29}}],"line":65},"3":{"loc":{"start":{"line":69,"column":6},"end":{"line":70,"column":38}},"type":"if","locations":[{"start":{"line":69,"column":6},"end":{"line":70,"column":38}},{"start":{},"end":{}}],"line":69},"4":{"loc":{"start":{"line":69,"column":10},"end":{"line":69,"column":59}},"type":"binary-expr","locations":[{"start":{"line":69,"column":10},"end":{"line":69,"column":15}},{"start":{"line":69,"column":19},"end":{"line":69,"column":59}}],"line":69},"5":{"loc":{"start":{"line":91,"column":6},"end":{"line":112,"column":7}},"type":"if","locations":[{"start":{"line":91,"column":6},"end":{"line":112,"column":7}},{"start":{"line":95,"column":13},"end":{"line":112,"column":7}}],"line":91},"6":{"loc":{"start":{"line":125,"column":6},"end":{"line":125,"column":47}},"type":"if","locations":[{"start":{"line":125,"column":6},"end":{"line":125,"column":47}},{"start":{},"end":{}}],"line":125},"7":{"loc":{"start":{"line":131,"column":6},"end":{"line":131,"column":48}},"type":"if","locations":[{"start":{"line":131,"column":6},"end":{"line":131,"column":48}},{"start":{},"end":{}}],"line":131}},"s":{"0":3,"1":3,"2":3,"3":3,"4":3,"5":1,"6":1,"7":1,"8":0,"9":2,"10":2,"11":2,"12":2,"13":1,"14":1,"15":1,"16":8,"17":8,"18":8,"19":1,"20":7,"21":5,"22":5,"23":5,"24":2,"25":3,"26":3,"27":2,"28":1,"29":1,"30":4,"31":0,"32":0,"33":0,"34":0,"35":0,"36":0,"37":0,"38":0,"39":0,"40":0,"41":0,"42":0,"43":0,"44":0,"45":0,"46":0,"47":0,"48":0,"49":0,"50":0,"51":0,"52":0,"53":0,"54":0,"55":0,"56":0,"57":3},"f":{"0":1,"1":2,"2":8,"3":5,"4":0,"5":0},"b":{"0":[1,1],"1":[2,3],"2":[5,4],"3":[2,1],"4":[3,2],"5":[0,0],"6":[0,0],"7":[0,0]},"_coverageSchema":"1a1c01bbd47fc00a2c39e90264f33305004495a9","hash":"ed974d2b3ac4402dee5601444fd1ed7645250d42"}
,"/Users/armayoga/Documents/Hacktiv8/Challenge/phase-2/week-3/Day-5/IndividualProject/ip-armayogapratama/server/helpers/hashPassword.js": {"path":"/Users/armayoga/Documents/Hacktiv8/Challenge/phase-2/week-3/Day-5/IndividualProject/ip-armayogapratama/server/helpers/hashPassword.js","statementMap":{"0":{"start":{"line":1,"column":15},"end":{"line":1,"column":34}},"1":{"start":{"line":4,"column":15},"end":{"line":4,"column":37}},"2":{"start":{"line":5,"column":15},"end":{"line":5,"column":46}},"3":{"start":{"line":6,"column":2},"end":{"line":6,"column":14}},"4":{"start":{"line":10,"column":2},"end":{"line":10,"column":48}},"5":{"start":{"line":13,"column":0},"end":{"line":16,"column":2}}},"fnMap":{"0":{"name":"signPassword","decl":{"start":{"line":3,"column":9},"end":{"line":3,"column":21}},"loc":{"start":{"line":3,"column":32},"end":{"line":7,"column":1}},"line":3},"1":{"name":"verifyPassword","decl":{"start":{"line":9,"column":9},"end":{"line":9,"column":23}},"loc":{"start":{"line":9,"column":44},"end":{"line":11,"column":1}},"line":9}},"branchMap":{},"s":{"0":3,"1":15,"2":15,"3":15,"4":2,"5":3},"f":{"0":15,"1":2},"b":{},"_coverageSchema":"1a1c01bbd47fc00a2c39e90264f33305004495a9","hash":"5d284bbbf37610b65fd33185819e8425709f348b"}
,"/Users/armayoga/Documents/Hacktiv8/Challenge/phase-2/week-3/Day-5/IndividualProject/ip-armayogapratama/server/helpers/jwt.js": {"path":"/Users/armayoga/Documents/Hacktiv8/Challenge/phase-2/week-3/Day-5/IndividualProject/ip-armayogapratama/server/helpers/jwt.js","statementMap":{"0":{"start":{"line":1,"column":12},"end":{"line":1,"column":35}},"1":{"start":{"line":2,"column":19},"end":{"line":2,"column":41}},"2":{"start":{"line":5,"column":16},"end":{"line":5,"column":45}},"3":{"start":{"line":6,"column":2},"end":{"line":6,"column":15}},"4":{"start":{"line":10,"column":18},"end":{"line":10,"column":47}},"5":{"start":{"line":11,"column":2},"end":{"line":11,"column":17}},"6":{"start":{"line":14,"column":0},"end":{"line":17,"column":2}}},"fnMap":{"0":{"name":"signToken","decl":{"start":{"line":4,"column":9},"end":{"line":4,"column":18}},"loc":{"start":{"line":4,"column":28},"end":{"line":7,"column":1}},"line":4},"1":{"name":"verifyToken","decl":{"start":{"line":9,"column":9},"end":{"line":9,"column":20}},"loc":{"start":{"line":9,"column":28},"end":{"line":12,"column":1}},"line":9}},"branchMap":{},"s":{"0":3,"1":3,"2":7,"3":7,"4":3,"5":3,"6":3},"f":{"0":7,"1":3},"b":{},"_coverageSchema":"1a1c01bbd47fc00a2c39e90264f33305004495a9","hash":"e84438334f4edc484f7f7e47ab46c09818c6f826"}
,"/Users/armayoga/Documents/Hacktiv8/Challenge/phase-2/week-3/Day-5/IndividualProject/ip-armayogapratama/server/middlewares/authentication.js": {"path":"/Users/armayoga/Documents/Hacktiv8/Challenge/phase-2/week-3/Day-5/IndividualProject/ip-armayogapratama/server/middlewares/authentication.js","statementMap":{"0":{"start":{"line":1,"column":24},"end":{"line":1,"column":49}},"1":{"start":{"line":2,"column":17},"end":{"line":2,"column":43}},"2":{"start":{"line":5,"column":2},"end":{"line":31,"column":3}},"3":{"start":{"line":6,"column":18},"end":{"line":6,"column":43}},"4":{"start":{"line":8,"column":4},"end":{"line":8,"column":46}},"5":{"start":{"line":8,"column":16},"end":{"line":8,"column":46}},"6":{"start":{"line":10,"column":35},"end":{"line":10,"column":51}},"7":{"start":{"line":12,"column":4},"end":{"line":12,"column":60}},"8":{"start":{"line":12,"column":29},"end":{"line":12,"column":60}},"9":{"start":{"line":14,"column":20},"end":{"line":14,"column":45}},"10":{"start":{"line":16,"column":17},"end":{"line":16,"column":48}},"11":{"start":{"line":18,"column":4},"end":{"line":18,"column":43}},"12":{"start":{"line":18,"column":15},"end":{"line":18,"column":43}},"13":{"start":{"line":20,"column":4},"end":{"line":26,"column":6}},"14":{"start":{"line":28,"column":4},"end":{"line":28,"column":11}},"15":{"start":{"line":30,"column":4},"end":{"line":30,"column":16}},"16":{"start":{"line":34,"column":0},"end":{"line":34,"column":32}}},"fnMap":{"0":{"name":"authentication","decl":{"start":{"line":4,"column":15},"end":{"line":4,"column":29}},"loc":{"start":{"line":4,"column":46},"end":{"line":32,"column":1}},"line":4}},"branchMap":{"0":{"loc":{"start":{"line":8,"column":4},"end":{"line":8,"column":46}},"type":"if","locations":[{"start":{"line":8,"column":4},"end":{"line":8,"column":46}},{"start":{},"end":{}}],"line":8},"1":{"loc":{"start":{"line":12,"column":4},"end":{"line":12,"column":60}},"type":"if","locations":[{"start":{"line":12,"column":4},"end":{"line":12,"column":60}},{"start":{},"end":{}}],"line":12},"2":{"loc":{"start":{"line":18,"column":4},"end":{"line":18,"column":43}},"type":"if","locations":[{"start":{"line":18,"column":4},"end":{"line":18,"column":43}},{"start":{},"end":{}}],"line":18}},"s":{"0":3,"1":3,"2":7,"3":7,"4":7,"5":2,"6":5,"7":5,"8":2,"9":3,"10":3,"11":3,"12":0,"13":3,"14":3,"15":4,"16":3},"f":{"0":7},"b":{"0":[2,5],"1":[2,3],"2":[0,3]},"_coverageSchema":"1a1c01bbd47fc00a2c39e90264f33305004495a9","hash":"1ebd8957ba458f2dc00e8f1eb6d5b3837f60ccb0"}
,"/Users/armayoga/Documents/Hacktiv8/Challenge/phase-2/week-3/Day-5/IndividualProject/ip-armayogapratama/server/middlewares/authorization.js": {"path":"/Users/armayoga/Documents/Hacktiv8/Challenge/phase-2/week-3/Day-5/IndividualProject/ip-armayogapratama/server/middlewares/authorization.js","statementMap":{"0":{"start":{"line":1,"column":18},"end":{"line":1,"column":44}},"1":{"start":{"line":4,"column":2},"end":{"line":18,"column":3}},"2":{"start":{"line":5,"column":19},"end":{"line":5,"column":29}},"3":{"start":{"line":7,"column":18},"end":{"line":7,"column":42}},"4":{"start":{"line":9,"column":4},"end":{"line":9,"column":44}},"5":{"start":{"line":9,"column":16},"end":{"line":9,"column":44}},"6":{"start":{"line":11,"column":4},"end":{"line":13,"column":5}},"7":{"start":{"line":12,"column":6},"end":{"line":12,"column":68}},"8":{"start":{"line":12,"column":40},"end":{"line":12,"column":68}},"9":{"start":{"line":15,"column":4},"end":{"line":15,"column":11}},"10":{"start":{"line":17,"column":4},"end":{"line":17,"column":16}},"11":{"start":{"line":22,"column":2},"end":{"line":28,"column":3}},"12":{"start":{"line":23,"column":4},"end":{"line":23,"column":67}},"13":{"start":{"line":23,"column":39},"end":{"line":23,"column":67}},"14":{"start":{"line":25,"column":4},"end":{"line":25,"column":11}},"15":{"start":{"line":27,"column":4},"end":{"line":27,"column":16}},"16":{"start":{"line":31,"column":0},"end":{"line":34,"column":2}}},"fnMap":{"0":{"name":"authorization","decl":{"start":{"line":3,"column":15},"end":{"line":3,"column":28}},"loc":{"start":{"line":3,"column":45},"end":{"line":19,"column":1}},"line":3},"1":{"name":"authorizationUser","decl":{"start":{"line":21,"column":15},"end":{"line":21,"column":32}},"loc":{"start":{"line":21,"column":49},"end":{"line":29,"column":1}},"line":21}},"branchMap":{"0":{"loc":{"start":{"line":9,"column":4},"end":{"line":9,"column":44}},"type":"if","locations":[{"start":{"line":9,"column":4},"end":{"line":9,"column":44}},{"start":{},"end":{}}],"line":9},"1":{"loc":{"start":{"line":11,"column":4},"end":{"line":13,"column":5}},"type":"if","locations":[{"start":{"line":11,"column":4},"end":{"line":13,"column":5}},{"start":{},"end":{}}],"line":11},"2":{"loc":{"start":{"line":12,"column":6},"end":{"line":12,"column":68}},"type":"if","locations":[{"start":{"line":12,"column":6},"end":{"line":12,"column":68}},{"start":{},"end":{}}],"line":12},"3":{"loc":{"start":{"line":23,"column":4},"end":{"line":23,"column":67}},"type":"if","locations":[{"start":{"line":23,"column":4},"end":{"line":23,"column":67}},{"start":{},"end":{}}],"line":23}},"s":{"0":3,"1":0,"2":0,"3":0,"4":0,"5":0,"6":0,"7":0,"8":0,"9":0,"10":0,"11":0,"12":0,"13":0,"14":0,"15":0,"16":3},"f":{"0":0,"1":0},"b":{"0":[0,0],"1":[0,0],"2":[0,0],"3":[0,0]},"_coverageSchema":"1a1c01bbd47fc00a2c39e90264f33305004495a9","hash":"4ebdf11bc0c0af7798364e2a5f770ef30080ca59"}
,"/Users/armayoga/Documents/Hacktiv8/Challenge/phase-2/week-3/Day-5/IndividualProject/ip-armayogapratama/server/middlewares/errorHandler.js": {"path":"/Users/armayoga/Documents/Hacktiv8/Challenge/phase-2/week-3/Day-5/IndividualProject/ip-armayogapratama/server/middlewares/errorHandler.js","statementMap":{"0":{"start":{"line":2,"column":2},"end":{"line":2,"column":21}},"1":{"start":{"line":3,"column":2},"end":{"line":3,"column":26}},"2":{"start":{"line":4,"column":15},"end":{"line":4,"column":18}},"3":{"start":{"line":5,"column":16},"end":{"line":5,"column":39}},"4":{"start":{"line":7,"column":2},"end":{"line":34,"column":3}},"5":{"start":{"line":10,"column":6},"end":{"line":10,"column":19}},"6":{"start":{"line":11,"column":6},"end":{"line":11,"column":55}},"7":{"start":{"line":11,"column":42},"end":{"line":11,"column":53}},"8":{"start":{"line":12,"column":6},"end":{"line":12,"column":12}},"9":{"start":{"line":14,"column":6},"end":{"line":14,"column":19}},"10":{"start":{"line":15,"column":6},"end":{"line":15,"column":50}},"11":{"start":{"line":16,"column":6},"end":{"line":16,"column":12}},"12":{"start":{"line":19,"column":6},"end":{"line":19,"column":19}},"13":{"start":{"line":20,"column":6},"end":{"line":20,"column":57}},"14":{"start":{"line":21,"column":6},"end":{"line":21,"column":12}},"15":{"start":{"line":23,"column":6},"end":{"line":23,"column":19}},"16":{"start":{"line":24,"column":6},"end":{"line":24,"column":31}},"17":{"start":{"line":25,"column":6},"end":{"line":25,"column":12}},"18":{"start":{"line":27,"column":6},"end":{"line":27,"column":19}},"19":{"start":{"line":28,"column":6},"end":{"line":28,"column":45}},"20":{"start":{"line":29,"column":6},"end":{"line":29,"column":12}},"21":{"start":{"line":31,"column":6},"end":{"line":31,"column":19}},"22":{"start":{"line":32,"column":6},"end":{"line":32,"column":33}},"23":{"start":{"line":33,"column":6},"end":{"line":33,"column":12}},"24":{"start":{"line":36,"column":2},"end":{"line":36,"column":39}},"25":{"start":{"line":39,"column":0},"end":{"line":39,"column":30}}},"fnMap":{"0":{"name":"errorHandler","decl":{"start":{"line":1,"column":9},"end":{"line":1,"column":21}},"loc":{"start":{"line":1,"column":45},"end":{"line":37,"column":1}},"line":1},"1":{"name":"(anonymous_1)","decl":{"start":{"line":11,"column":33},"end":{"line":11,"column":34}},"loc":{"start":{"line":11,"column":42},"end":{"line":11,"column":53}},"line":11}},"branchMap":{"0":{"loc":{"start":{"line":7,"column":2},"end":{"line":34,"column":3}},"type":"switch","locations":[{"start":{"line":8,"column":4},"end":{"line":8,"column":36}},{"start":{"line":9,"column":4},"end":{"line":12,"column":12}},{"start":{"line":13,"column":4},"end":{"line":16,"column":12}},{"start":{"line":17,"column":4},"end":{"line":17,"column":29}},{"start":{"line":18,"column":4},"end":{"line":21,"column":12}},{"start":{"line":22,"column":4},"end":{"line":25,"column":12}},{"start":{"line":26,"column":4},"end":{"line":29,"column":12}},{"start":{"line":30,"column":4},"end":{"line":33,"column":12}}],"line":7}},"s":{"0":16,"1":16,"2":16,"3":16,"4":16,"5":7,"6":7,"7":9,"8":7,"9":2,"10":2,"11":2,"12":2,"13":2,"14":2,"15":4,"16":4,"17":4,"18":0,"19":0,"20":0,"21":1,"22":1,"23":1,"24":16,"25":3},"f":{"0":16,"1":9},"b":{"0":[6,7,2,0,2,4,0,1]},"_coverageSchema":"1a1c01bbd47fc00a2c39e90264f33305004495a9","hash":"a4618b1502ef46cf1a4fcc8529228f42d05eab41"}
,"/Users/armayoga/Documents/Hacktiv8/Challenge/phase-2/week-3/Day-5/IndividualProject/ip-armayogapratama/server/models/index.js": {"path":"/Users/armayoga/Documents/Hacktiv8/Challenge/phase-2/week-3/Day-5/IndividualProject/ip-armayogapratama/server/models/index.js","statementMap":{"0":{"start":{"line":3,"column":11},"end":{"line":3,"column":24}},"1":{"start":{"line":4,"column":13},"end":{"line":4,"column":28}},"2":{"start":{"line":5,"column":18},"end":{"line":5,"column":38}},"3":{"start":{"line":6,"column":16},"end":{"line":6,"column":34}},"4":{"start":{"line":7,"column":17},"end":{"line":7,"column":42}},"5":{"start":{"line":8,"column":12},"end":{"line":8,"column":49}},"6":{"start":{"line":9,"column":15},"end":{"line":9,"column":65}},"7":{"start":{"line":10,"column":11},"end":{"line":10,"column":13}},"8":{"start":{"line":13,"column":0},"end":{"line":17,"column":1}},"9":{"start":{"line":14,"column":2},"end":{"line":14,"column":74}},"10":{"start":{"line":16,"column":2},"end":{"line":16,"column":87}},"11":{"start":{"line":19,"column":0},"end":{"line":32,"column":5}},"12":{"start":{"line":22,"column":4},"end":{"line":27,"column":6}},"13":{"start":{"line":30,"column":18},"end":{"line":30,"column":85}},"14":{"start":{"line":31,"column":4},"end":{"line":31,"column":27}},"15":{"start":{"line":34,"column":0},"end":{"line":38,"column":3}},"16":{"start":{"line":35,"column":2},"end":{"line":37,"column":3}},"17":{"start":{"line":36,"column":4},"end":{"line":36,"column":32}},"18":{"start":{"line":40,"column":0},"end":{"line":40,"column":25}},"19":{"start":{"line":41,"column":0},"end":{"line":41,"column":25}},"20":{"start":{"line":43,"column":0},"end":{"line":43,"column":20}}},"fnMap":{"0":{"name":"(anonymous_0)","decl":{"start":{"line":21,"column":10},"end":{"line":21,"column":11}},"loc":{"start":{"line":21,"column":18},"end":{"line":28,"column":3}},"line":21},"1":{"name":"(anonymous_1)","decl":{"start":{"line":29,"column":11},"end":{"line":29,"column":12}},"loc":{"start":{"line":29,"column":19},"end":{"line":32,"column":3}},"line":29},"2":{"name":"(anonymous_2)","decl":{"start":{"line":34,"column":24},"end":{"line":34,"column":25}},"loc":{"start":{"line":34,"column":37},"end":{"line":38,"column":1}},"line":34}},"branchMap":{"0":{"loc":{"start":{"line":8,"column":12},"end":{"line":8,"column":49}},"type":"binary-expr","locations":[{"start":{"line":8,"column":12},"end":{"line":8,"column":32}},{"start":{"line":8,"column":36},"end":{"line":8,"column":49}}],"line":8},"1":{"loc":{"start":{"line":13,"column":0},"end":{"line":17,"column":1}},"type":"if","locations":[{"start":{"line":13,"column":0},"end":{"line":17,"column":1}},{"start":{"line":15,"column":7},"end":{"line":17,"column":1}}],"line":13},"2":{"loc":{"start":{"line":23,"column":6},"end":{"line":26,"column":37}},"type":"binary-expr","locations":[{"start":{"line":23,"column":6},"end":{"line":23,"column":29}},{"start":{"line":24,"column":6},"end":{"line":24,"column":23}},{"start":{"line":25,"column":6},"end":{"line":25,"column":30}},{"start":{"line":26,"column":6},"end":{"line":26,"column":37}}],"line":23},"3":{"loc":{"start":{"line":35,"column":2},"end":{"line":37,"column":3}},"type":"if","locations":[{"start":{"line":35,"column":2},"end":{"line":37,"column":3}},{"start":{},"end":{}}],"line":35}},"s":{"0":3,"1":3,"2":3,"3":3,"4":3,"5":3,"6":3,"7":3,"8":3,"9":0,"10":3,"11":3,"12":15,"13":12,"14":12,"15":3,"16":12,"17":12,"18":3,"19":3,"20":3},"f":{"0":15,"1":12,"2":12},"b":{"0":[3,0],"1":[0,3],"2":[15,15,12,12],"3":[12,0]},"_coverageSchema":"1a1c01bbd47fc00a2c39e90264f33305004495a9","hash":"802b75609582c0c6c749a55c55d097b0c0d24e79"}
,"/Users/armayoga/Documents/Hacktiv8/Challenge/phase-2/week-3/Day-5/IndividualProject/ip-armayogapratama/server/models/job.js": {"path":"/Users/armayoga/Documents/Hacktiv8/Challenge/phase-2/week-3/Day-5/IndividualProject/ip-armayogapratama/server/models/job.js","statementMap":{"0":{"start":{"line":2,"column":18},"end":{"line":2,"column":38}},"1":{"start":{"line":3,"column":0},"end":{"line":102,"column":2}},"2":{"start":{"line":9,"column":2},"end":{"line":100,"column":4}},"3":{"start":{"line":101,"column":2},"end":{"line":101,"column":13}}},"fnMap":{"0":{"name":"(anonymous_0)","decl":{"start":{"line":3,"column":17},"end":{"line":3,"column":18}},"loc":{"start":{"line":3,"column":43},"end":{"line":102,"column":1}},"line":3},"1":{"name":"(anonymous_1)","decl":{"start":{"line":5,"column":4},"end":{"line":5,"column":5}},"loc":{"start":{"line":5,"column":29},"end":{"line":7,"column":5}},"line":5}},"branchMap":{},"s":{"0":3,"1":3,"2":3,"3":3},"f":{"0":3,"1":3},"b":{},"_coverageSchema":"1a1c01bbd47fc00a2c39e90264f33305004495a9","hash":"ed58d168e48d3d40cd7712f8a4328a67c031388c"}
,"/Users/armayoga/Documents/Hacktiv8/Challenge/phase-2/week-3/Day-5/IndividualProject/ip-armayogapratama/server/models/myjob.js": {"path":"/Users/armayoga/Documents/Hacktiv8/Challenge/phase-2/week-3/Day-5/IndividualProject/ip-armayogapratama/server/models/myjob.js","statementMap":{"0":{"start":{"line":2,"column":18},"end":{"line":2,"column":38}},"1":{"start":{"line":3,"column":0},"end":{"line":102,"column":2}},"2":{"start":{"line":6,"column":6},"end":{"line":6,"column":35}},"3":{"start":{"line":9,"column":2},"end":{"line":100,"column":4}},"4":{"start":{"line":101,"column":2},"end":{"line":101,"column":15}}},"fnMap":{"0":{"name":"(anonymous_0)","decl":{"start":{"line":3,"column":17},"end":{"line":3,"column":18}},"loc":{"start":{"line":3,"column":43},"end":{"line":102,"column":1}},"line":3},"1":{"name":"(anonymous_1)","decl":{"start":{"line":5,"column":4},"end":{"line":5,"column":5}},"loc":{"start":{"line":5,"column":29},"end":{"line":7,"column":5}},"line":5}},"branchMap":{},"s":{"0":3,"1":3,"2":3,"3":3,"4":3},"f":{"0":3,"1":3},"b":{},"_coverageSchema":"1a1c01bbd47fc00a2c39e90264f33305004495a9","hash":"16c4974ac892d2ba9ee9f1e6913cc07ef284783b"}
,"/Users/armayoga/Documents/Hacktiv8/Challenge/phase-2/week-3/Day-5/IndividualProject/ip-armayogapratama/server/models/profile.js": {"path":"/Users/armayoga/Documents/Hacktiv8/Challenge/phase-2/week-3/Day-5/IndividualProject/ip-armayogapratama/server/models/profile.js","statementMap":{"0":{"start":{"line":2,"column":18},"end":{"line":2,"column":38}},"1":{"start":{"line":3,"column":0},"end":{"line":145,"column":2}},"2":{"start":{"line":6,"column":6},"end":{"line":6,"column":37}},"3":{"start":{"line":9,"column":2},"end":{"line":143,"column":4}},"4":{"start":{"line":144,"column":2},"end":{"line":144,"column":17}}},"fnMap":{"0":{"name":"(anonymous_0)","decl":{"start":{"line":3,"column":17},"end":{"line":3,"column":18}},"loc":{"start":{"line":3,"column":43},"end":{"line":145,"column":1}},"line":3},"1":{"name":"(anonymous_1)","decl":{"start":{"line":5,"column":4},"end":{"line":5,"column":5}},"loc":{"start":{"line":5,"column":29},"end":{"line":7,"column":5}},"line":5}},"branchMap":{},"s":{"0":3,"1":3,"2":3,"3":3,"4":3},"f":{"0":3,"1":3},"b":{},"_coverageSchema":"1a1c01bbd47fc00a2c39e90264f33305004495a9","hash":"926f9f5ad2ec491069ef7d683af42731a06cd297"}
,"/Users/armayoga/Documents/Hacktiv8/Challenge/phase-2/week-3/Day-5/IndividualProject/ip-armayogapratama/server/models/user.js": {"path":"/Users/armayoga/Documents/Hacktiv8/Challenge/phase-2/week-3/Day-5/IndividualProject/ip-armayogapratama/server/models/user.js","statementMap":{"0":{"start":{"line":2,"column":18},"end":{"line":2,"column":38}},"1":{"start":{"line":3,"column":25},"end":{"line":3,"column":59}},"2":{"start":{"line":4,"column":0},"end":{"line":102,"column":2}},"3":{"start":{"line":7,"column":6},"end":{"line":7,"column":34}},"4":{"start":{"line":8,"column":6},"end":{"line":8,"column":33}},"5":{"start":{"line":11,"column":2},"end":{"line":95,"column":4}},"6":{"start":{"line":97,"column":2},"end":{"line":99,"column":5}},"7":{"start":{"line":98,"column":4},"end":{"line":98,"column":44}},"8":{"start":{"line":101,"column":2},"end":{"line":101,"column":14}}},"fnMap":{"0":{"name":"(anonymous_0)","decl":{"start":{"line":4,"column":17},"end":{"line":4,"column":18}},"loc":{"start":{"line":4,"column":43},"end":{"line":102,"column":1}},"line":4},"1":{"name":"(anonymous_1)","decl":{"start":{"line":6,"column":4},"end":{"line":6,"column":5}},"loc":{"start":{"line":6,"column":29},"end":{"line":9,"column":5}},"line":6},"2":{"name":"(anonymous_2)","decl":{"start":{"line":97,"column":20},"end":{"line":97,"column":21}},"loc":{"start":{"line":97,"column":28},"end":{"line":99,"column":3}},"line":97}},"branchMap":{},"s":{"0":3,"1":3,"2":3,"3":3,"4":3,"5":3,"6":3,"7":8,"8":3},"f":{"0":3,"1":3,"2":8},"b":{},"_coverageSchema":"1a1c01bbd47fc00a2c39e90264f33305004495a9","hash":"c7c96808d69760de9a2c94a85123857a593ddb63"}
,"/Users/armayoga/Documents/Hacktiv8/Challenge/phase-2/week-3/Day-5/IndividualProject/ip-armayogapratama/server/routes/job.js": {"path":"/Users/armayoga/Documents/Hacktiv8/Challenge/phase-2/week-3/Day-5/IndividualProject/ip-armayogapratama/server/routes/job.js","statementMap":{"0":{"start":{"line":1,"column":20},"end":{"line":1,"column":74}},"1":{"start":{"line":3,"column":15},"end":{"line":3,"column":42}},"2":{"start":{"line":5,"column":0},"end":{"line":5,"column":25}},"3":{"start":{"line":7,"column":0},"end":{"line":7,"column":24}}},"fnMap":{},"branchMap":{},"s":{"0":3,"1":3,"2":3,"3":3},"f":{},"b":{},"_coverageSchema":"1a1c01bbd47fc00a2c39e90264f33305004495a9","hash":"543110cdd2aae44750dbbf6f895e7727eefe813a"}
,"/Users/armayoga/Documents/Hacktiv8/Challenge/phase-2/week-3/Day-5/IndividualProject/ip-armayogapratama/server/routes/main.js": {"path":"/Users/armayoga/Documents/Hacktiv8/Challenge/phase-2/week-3/Day-5/IndividualProject/ip-armayogapratama/server/routes/main.js","statementMap":{"0":{"start":{"line":1,"column":15},"end":{"line":1,"column":42}},"1":{"start":{"line":3,"column":0},"end":{"line":5,"column":3}},"2":{"start":{"line":4,"column":2},"end":{"line":4,"column":26}},"3":{"start":{"line":6,"column":0},"end":{"line":6,"column":40}},"4":{"start":{"line":7,"column":0},"end":{"line":7,"column":46}},"5":{"start":{"line":8,"column":0},"end":{"line":8,"column":38}},"6":{"start":{"line":9,"column":0},"end":{"line":9,"column":43}},"7":{"start":{"line":11,"column":0},"end":{"line":11,"column":24}}},"fnMap":{"0":{"name":"(anonymous_0)","decl":{"start":{"line":3,"column":16},"end":{"line":3,"column":17}},"loc":{"start":{"line":3,"column":30},"end":{"line":5,"column":1}},"line":3}},"branchMap":{},"s":{"0":3,"1":3,"2":0,"3":3,"4":3,"5":3,"6":3,"7":3},"f":{"0":0},"b":{},"_coverageSchema":"1a1c01bbd47fc00a2c39e90264f33305004495a9","hash":"d37cc4cee9bda335bd6c008087dddb6b7770f02a"}
,"/Users/armayoga/Documents/Hacktiv8/Challenge/phase-2/week-3/Day-5/IndividualProject/ip-armayogapratama/server/routes/myJob.js": {"path":"/Users/armayoga/Documents/Hacktiv8/Challenge/phase-2/week-3/Day-5/IndividualProject/ip-armayogapratama/server/routes/myJob.js","statementMap":{"0":{"start":{"line":5,"column":4},"end":{"line":5,"column":62}},"1":{"start":{"line":6,"column":23},"end":{"line":6,"column":63}},"2":{"start":{"line":10,"column":4},"end":{"line":10,"column":43}},"3":{"start":{"line":12,"column":15},"end":{"line":12,"column":42}},"4":{"start":{"line":14,"column":0},"end":{"line":14,"column":43}},"5":{"start":{"line":15,"column":0},"end":{"line":15,"column":56}},"6":{"start":{"line":16,"column":0},"end":{"line":16,"column":77}},"7":{"start":{"line":18,"column":0},"end":{"line":18,"column":24}}},"fnMap":{},"branchMap":{},"s":{"0":3,"1":3,"2":3,"3":3,"4":3,"5":3,"6":3,"7":3},"f":{},"b":{},"_coverageSchema":"1a1c01bbd47fc00a2c39e90264f33305004495a9","hash":"588d0d90793482c670db202937bac31247cd9294"}
,"/Users/armayoga/Documents/Hacktiv8/Challenge/phase-2/week-3/Day-5/IndividualProject/ip-armayogapratama/server/routes/profile.js": {"path":"/Users/armayoga/Documents/Hacktiv8/Challenge/phase-2/week-3/Day-5/IndividualProject/ip-armayogapratama/server/routes/profile.js","statementMap":{"0":{"start":{"line":6,"column":4},"end":{"line":6,"column":66}},"1":{"start":{"line":7,"column":15},"end":{"line":7,"column":32}},"2":{"start":{"line":8,"column":23},"end":{"line":8,"column":63}},"3":{"start":{"line":10,"column":15},"end":{"line":10,"column":42}},"4":{"start":{"line":12,"column":0},"end":{"line":12,"column":63}},"5":{"start":{"line":13,"column":0},"end":{"line":13,"column":57}},"6":{"start":{"line":14,"column":0},"end":{"line":14,"column":57}},"7":{"start":{"line":16,"column":16},"end":{"line":16,"column":38}},"8":{"start":{"line":17,"column":15},"end":{"line":17,"column":43}},"9":{"start":{"line":19,"column":0},"end":{"line":24,"column":2}},"10":{"start":{"line":26,"column":0},"end":{"line":26,"column":24}}},"fnMap":{},"branchMap":{},"s":{"0":3,"1":3,"2":3,"3":3,"4":3,"5":3,"6":3,"7":3,"8":3,"9":3,"10":3},"f":{},"b":{},"_coverageSchema":"1a1c01bbd47fc00a2c39e90264f33305004495a9","hash":"080aac35b8ce49b6b8971ca4912f605fdb1d9c69"}
,"/Users/armayoga/Documents/Hacktiv8/Challenge/phase-2/week-3/Day-5/IndividualProject/ip-armayogapratama/server/routes/user.js": {"path":"/Users/armayoga/Documents/Hacktiv8/Challenge/phase-2/week-3/Day-5/IndividualProject/ip-armayogapratama/server/routes/user.js","statementMap":{"0":{"start":{"line":8,"column":4},"end":{"line":8,"column":60}},"1":{"start":{"line":9,"column":23},"end":{"line":9,"column":63}},"2":{"start":{"line":10,"column":26},"end":{"line":10,"column":65}},"3":{"start":{"line":12,"column":15},"end":{"line":12,"column":42}},"4":{"start":{"line":14,"column":0},"end":{"line":14,"column":41}},"5":{"start":{"line":15,"column":0},"end":{"line":15,"column":35}},"6":{"start":{"line":16,"column":0},"end":{"line":16,"column":29}},"7":{"start":{"line":17,"column":0},"end":{"line":17,"column":42}},"8":{"start":{"line":18,"column":0},"end":{"line":18,"column":47}},"9":{"start":{"line":19,"column":0},"end":{"line":19,"column":60}},"10":{"start":{"line":21,"column":0},"end":{"line":21,"column":24}}},"fnMap":{},"branchMap":{},"s":{"0":3,"1":3,"2":3,"3":3,"4":3,"5":3,"6":3,"7":3,"8":3,"9":3,"10":3},"f":{},"b":{},"_coverageSchema":"1a1c01bbd47fc00a2c39e90264f33305004495a9","hash":"905647ab9a01ff50a2c3c9fb3dc59c1d5cd969ea"}
}
