TN:
SF:app.js
FNF:0
FNH:0
DA:1,3
DA:2,3
DA:5,3
DA:6,3
DA:7,3
DA:8,3
DA:9,3
DA:11,3
DA:13,3
DA:14,3
DA:16,3
DA:17,3
DA:19,3
LF:13
LH:13
BRDA:1,0,0,3
BRDA:1,0,1,0
BRF:2
BRH:1
end_of_record
TN:
SF:controllers/jobControllers/jobController.js
FN:4,(anonymous_0)
FNF:1
FNH:0
FNDA:0,(anonymous_0)
DA:1,3
DA:2,3
DA:5,0
DA:6,0
DA:8,0
DA:10,0
DA:11,0
DA:18,0
DA:32,0
DA:34,0
DA:36,0
DA:41,3
LF:12
LH:3
BRDA:10,0,0,0
BRDA:10,0,1,0
BRF:2
BRH:0
end_of_record
TN:
SF:controllers/myJobControllers/myJobController.js
FN:4,(anonymous_0)
FN:14,(anonymous_1)
FN:43,(anonymous_2)
FNF:3
FNH:0
FNDA:0,(anonymous_0)
FNDA:0,(anonymous_1)
FNDA:0,(anonymous_2)
DA:1,3
DA:5,0
DA:6,0
DA:8,0
DA:10,0
DA:15,0
DA:23,0
DA:24,0
DA:26,0
DA:37,0
DA:39,0
DA:44,0
DA:45,0
DA:47,0
DA:49,0
DA:51,0
DA:53,0
DA:55,0
DA:60,3
LF:19
LH:2
BRDA:49,0,0,0
BRDA:49,0,1,0
BRF:2
BRH:0
end_of_record
TN:
SF:controllers/profileControllers/profileController.js
FN:12,(anonymous_0)
FN:26,(anonymous_1)
FN:54,(anonymous_2)
FN:80,(anonymous_3)
FNF:4
FNH:0
FNDA:0,(anonymous_0)
FNDA:0,(anonymous_1)
FNDA:0,(anonymous_2)
FNDA:0,(anonymous_3)
DA:1,3
DA:3,3
DA:5,3
DA:13,0
DA:14,0
DA:16,0
DA:18,0
DA:20,0
DA:22,0
DA:27,0
DA:28,0
DA:30,0
DA:32,0
DA:34,0
DA:36,0
DA:48,0
DA:50,0
DA:55,0
DA:56,0
DA:57,0
DA:59,0
DA:61,0
DA:63,0
DA:74,0
DA:76,0
DA:81,0
DA:82,0
DA:84,0
DA:85,0
DA:86,0
DA:88,0
DA:93,0
DA:95,0
DA:97,0
DA:98,0
DA:100,0
DA:102,0
DA:107,3
LF:38
LH:4
BRDA:18,0,0,0
BRDA:18,0,1,0
BRDA:34,1,0,0
BRDA:34,1,1,0
BRDA:61,2,0,0
BRDA:61,2,1,0
BRDA:95,3,0,0
BRDA:95,3,1,0
BRF:8
BRH:0
end_of_record
TN:
SF:controllers/userControllers/userController.js
FN:8,(anonymous_0)
FN:18,(anonymous_1)
FN:32,(anonymous_2)
FN:61,(anonymous_3)
FN:80,(anonymous_4)
FN:118,(anonymous_5)
FNF:6
FNH:4
FNDA:1,(anonymous_0)
FNDA:2,(anonymous_1)
FNDA:8,(anonymous_2)
FNDA:5,(anonymous_3)
FNDA:0,(anonymous_4)
FNDA:0,(anonymous_5)
DA:1,3
DA:2,3
DA:3,3
DA:4,3
DA:5,3
DA:9,1
DA:10,1
DA:12,1
DA:14,0
DA:19,2
DA:20,2
DA:22,2
DA:24,2
DA:26,1
DA:28,1
DA:33,8
DA:34,8
DA:36,8
DA:44,1
DA:57,7
DA:62,5
DA:63,5
DA:65,5
DA:67,3
DA:69,3
DA:70,2
DA:72,1
DA:74,1
DA:76,4
DA:81,0
DA:82,0
DA:84,0
DA:88,0
DA:90,0
DA:91,0
DA:92,0
DA:94,0
DA:96,0
DA:108,0
DA:109,0
DA:111,0
DA:114,0
DA:119,0
DA:120,0
DA:121,0
DA:123,0
DA:125,0
DA:127,0
DA:129,0
DA:131,0
DA:133,0
DA:135,0
DA:137,0
DA:142,3
LF:54
LH:29
BRDA:24,0,0,1
BRDA:24,0,1,1
BRDA:65,1,0,2
BRDA:65,1,1,3
BRDA:65,2,0,5
BRDA:65,2,1,4
BRDA:69,3,0,2
BRDA:69,3,1,1
BRDA:69,4,0,3
BRDA:69,4,1,2
BRDA:91,5,0,0
BRDA:91,5,1,0
BRDA:125,6,0,0
BRDA:125,6,1,0
BRDA:131,7,0,0
BRDA:131,7,1,0
BRF:16
BRH:10
end_of_record
TN:
SF:helpers/hashPassword.js
FN:3,signPassword
FN:9,verifyPassword
FNF:2
FNH:2
FNDA:15,signPassword
FNDA:2,verifyPassword
DA:1,3
DA:4,15
DA:5,15
DA:6,15
DA:10,2
DA:13,3
LF:6
LH:6
BRF:0
BRH:0
end_of_record
TN:
SF:helpers/jwt.js
FN:4,signToken
FN:9,verifyToken
FNF:2
FNH:2
FNDA:7,signToken
FNDA:3,verifyToken
DA:1,3
DA:2,3
DA:5,7
DA:6,7
DA:10,3
DA:11,3
DA:14,3
LF:7
LH:7
BRF:0
BRH:0
end_of_record
TN:
SF:middlewares/authentication.js
FN:4,authentication
FNF:1
FNH:1
FNDA:7,authentication
DA:1,3
DA:2,3
DA:5,7
DA:6,7
DA:8,7
DA:10,5
DA:12,5
DA:14,3
DA:16,3
DA:18,3
DA:20,3
DA:28,3
DA:30,4
DA:34,3
LF:14
LH:14
BRDA:8,0,0,2
BRDA:8,0,1,5
BRDA:12,1,0,2
BRDA:12,1,1,3
BRDA:18,2,0,0
BRDA:18,2,1,3
BRF:6
BRH:5
end_of_record
TN:
SF:middlewares/authorization.js
FN:3,authorization
FN:21,authorizationUser
FNF:2
FNH:0
FNDA:0,authorization
FNDA:0,authorizationUser
DA:1,3
DA:4,0
DA:5,0
DA:7,0
DA:9,0
DA:11,0
DA:12,0
DA:15,0
DA:17,0
DA:22,0
DA:23,0
DA:25,0
DA:27,0
DA:31,3
LF:14
LH:2
BRDA:9,0,0,0
BRDA:9,0,1,0
BRDA:11,1,0,0
BRDA:11,1,1,0
BRDA:12,2,0,0
BRDA:12,2,1,0
BRDA:23,3,0,0
BRDA:23,3,1,0
BRF:8
BRH:0
end_of_record
TN:
SF:middlewares/errorHandler.js
FN:1,errorHandler
FN:11,(anonymous_1)
FNF:2
FNH:2
FNDA:16,errorHandler
FNDA:9,(anonymous_1)
DA:2,16
DA:3,16
DA:4,16
DA:5,16
DA:7,16
DA:10,7
DA:11,9
DA:12,7
DA:14,2
DA:15,2
DA:16,2
DA:19,2
DA:20,2
DA:21,2
DA:23,4
DA:24,4
DA:25,4
DA:27,0
DA:28,0
DA:29,0
DA:31,1
DA:32,1
DA:33,1
DA:36,16
DA:39,3
LF:25
LH:22
BRDA:7,0,0,6
BRDA:7,0,1,7
BRDA:7,0,2,2
BRDA:7,0,3,0
BRDA:7,0,4,2
BRDA:7,0,5,4
BRDA:7,0,6,0
BRDA:7,0,7,1
BRF:8
BRH:6
end_of_record
TN:
SF:models/index.js
FN:21,(anonymous_0)
FN:29,(anonymous_1)
FN:34,(anonymous_2)
FNF:3
FNH:3
FNDA:15,(anonymous_0)
FNDA:12,(anonymous_1)
FNDA:12,(anonymous_2)
DA:3,3
DA:4,3
DA:5,3
DA:6,3
DA:7,3
DA:8,3
DA:9,3
DA:10,3
DA:13,3
DA:14,0
DA:16,3
DA:19,3
DA:22,15
DA:30,12
DA:31,12
DA:34,3
DA:35,12
DA:36,12
DA:40,3
DA:41,3
DA:43,3
LF:21
LH:20
BRDA:8,0,0,3
BRDA:8,0,1,0
BRDA:13,1,0,0
BRDA:13,1,1,3
BRDA:23,2,0,15
BRDA:23,2,1,15
BRDA:23,2,2,12
BRDA:23,2,3,12
BRDA:35,3,0,12
BRDA:35,3,1,0
BRF:10
BRH:7
end_of_record
TN:
SF:models/job.js
FN:3,(anonymous_0)
FN:5,(anonymous_1)
FNF:2
FNH:2
FNDA:3,(anonymous_0)
FNDA:3,(anonymous_1)
DA:2,3
DA:3,3
DA:9,3
DA:101,3
LF:4
LH:4
BRF:0
BRH:0
end_of_record
TN:
SF:models/myjob.js
FN:3,(anonymous_0)
FN:5,(anonymous_1)
FNF:2
FNH:2
FNDA:3,(anonymous_0)
FNDA:3,(anonymous_1)
DA:2,3
DA:3,3
DA:6,3
DA:9,3
DA:101,3
LF:5
LH:5
BRF:0
BRH:0
end_of_record
TN:
SF:models/profile.js
FN:3,(anonymous_0)
FN:5,(anonymous_1)
FNF:2
FNH:2
FNDA:3,(anonymous_0)
FNDA:3,(anonymous_1)
DA:2,3
DA:3,3
DA:6,3
DA:9,3
DA:144,3
LF:5
LH:5
BRF:0
BRH:0
end_of_record
TN:
SF:models/user.js
FN:4,(anonymous_0)
FN:6,(anonymous_1)
FN:97,(anonymous_2)
FNF:3
FNH:3
FNDA:3,(anonymous_0)
FNDA:3,(anonymous_1)
FNDA:8,(anonymous_2)
DA:2,3
DA:3,3
DA:4,3
DA:7,3
DA:8,3
DA:11,3
DA:97,3
DA:98,8
DA:101,3
LF:9
LH:9
BRF:0
BRH:0
end_of_record
TN:
SF:routes/job.js
FNF:0
FNH:0
DA:1,3
DA:3,3
DA:5,3
DA:7,3
LF:4
LH:4
BRF:0
BRH:0
end_of_record
TN:
SF:routes/main.js
FN:3,(anonymous_0)
FNF:1
FNH:0
FNDA:0,(anonymous_0)
DA:1,3
DA:3,3
DA:4,0
DA:6,3
DA:7,3
DA:8,3
DA:9,3
DA:11,3
LF:8
LH:7
BRF:0
BRH:0
end_of_record
TN:
SF:routes/myJob.js
FNF:0
FNH:0
DA:5,3
DA:6,3
DA:10,3
DA:12,3
DA:14,3
DA:15,3
DA:16,3
DA:18,3
LF:8
LH:8
BRF:0
BRH:0
end_of_record
TN:
SF:routes/profile.js
FNF:0
FNH:0
DA:6,3
DA:7,3
DA:8,3
DA:10,3
DA:12,3
DA:13,3
DA:14,3
DA:16,3
DA:17,3
DA:19,3
DA:26,3
LF:11
LH:11
BRF:0
BRH:0
end_of_record
TN:
SF:routes/user.js
FNF:0
FNH:0
DA:8,3
DA:9,3
DA:10,3
DA:12,3
DA:14,3
DA:15,3
DA:16,3
DA:17,3
DA:18,3
DA:19,3
DA:21,3
LF:11
LH:11
BRF:0
BRH:0
end_of_record
